<?xml version="1.0" encoding="UTF-8"?>
<!-- Generated by org.testng.reporters.JUnitReportReporter -->
<testsuite hostname="DESKTOP-H042Q7O" failures="0" tests="1" name="test.demo" time="0.021" errors="0" timestamp="2024-07-24T12:10:41 IST" skipped="0">
  <testcase classname="test.demo" name="testMethod" time="0.021"/>
</testsuite> <!-- test.demo -->
